GROUP,PACKAGE,CLASS,INSTRUCTION_MISSED,INSTRUCTION_COVERED,BRANCH_MISSED,BRANCH_COVERED,LINE_MISSED,LINE_COVERED,COMPLEXITY_MISSED,COMPLEXITY_COVERED,METHOD_MISSED,METHOD_COVERED
minesweeper,com.tsi.training.bholah.jacob.minesweeper,Empty,12,0,0,0,4,0,2,0,2,0
minesweeper,com.tsi.training.bholah.jacob.minesweeper,Bomb,0,15,0,0,0,5,0,2,0,2
minesweeper,com.tsi.training.bholah.jacob.minesweeper,Main,12,0,0,0,4,0,2,0,2,0
minesweeper,com.tsi.training.bholah.jacob.minesweeper,Tile,34,21,0,0,7,8,4,2,4,2
minesweeper,com.tsi.training.bholah.jacob.minesweeper,Board,5,33,0,0,2,6,1,1,1,1
